<?xml version="1.0" encoding="UTF-8"?>
<testsuite xmlns:xsi="http://www.w3.org/2001/XMLSchema-instance" xsi:noNamespaceSchemaLocation="https://maven.apache.org/surefire/maven-surefire-plugin/xsd/surefire-test-report.xsd" version="3.0.2" name="com.mycompany.main.LoginTest" time="0.08" tests="13" errors="0" skipped="0" failures="0">
  <properties>
[...]
</properties>
  <testcase name="checkUsername_invalidWhenTooLongEvenWithUnderscore" classname="com.mycompany.main.LoginTest" time="0.027"/>
  <testcase name="checkCellPhoneNumber_invalidWhenMissingCountryCode" classname="com.mycompany.main.LoginTest" time="0.001"/>
  <testcase name="checkPasswordComplexity_invalidWhenEmpty" classname="com.mycompany.main.LoginTest" time="0.001"/>
  <testcase name="checkPasswordComplexity_invalidWhenMissingCapital" classname="com.mycompany.main.LoginTest" time="0.001"/>
  <testcase name="checkPasswordComplexity_validWhenAllRequirementsMet" classname="com.mycompany.main.LoginTest" time="0.002"/>
  <testcase name="checkCellPhoneNumber_validWhenCorrectFormat" classname="com.mycompany.main.LoginTest" time="0.001"/>
  <testcase name="checkCellPhoneNumber_invalidWhenWrongLength" classname="com.mycompany.main.LoginTest" time="0.001"/>
  <testcase name="checkUsername_invalidWhenNoUnderscore" classname="com.mycompany.main.LoginTest" time="0.001"/>
  <testcase name="checkUsername_invalidWhenEmpty" classname="com.mycompany.main.LoginTest" time="0.001"/>
  <testcase name="checkCellPhoneNumber_invalidWhenEmpty" classname="com.mycompany.main.LoginTest" time="0.001"/>
  <testcase name="checkUsername_validWhenShortAndHasUnderscore" classname="com.mycompany.main.LoginTest" time="0.001"/>
  <testcase name="checkPasswordComplexity_invalidWhenMissingSpecialCharacter" classname="com.mycompany.main.LoginTest" time="0.001"/>
  <testcase name="checkPasswordComplexity_invalidWhenMissingDigit" classname="com.mycompany.main.LoginTest" time="0.001"/>
</testsuite>